\BOOKMARK [1][-]{section*.6}{Abbildungsverzeichnis}{}% 1
\BOOKMARK [1][-]{section.1}{Einleitung}{}% 2
\BOOKMARK [2][-]{subsection.1.1}{Motivation}{section.1}% 3
\BOOKMARK [1][-]{section.2}{Theoretische Grundlagen}{}% 4
\BOOKMARK [2][-]{subsection.2.1}{Graphen}{section.2}% 5
\BOOKMARK [3][-]{subsubsection.2.1.1}{Gerichtete Graphen}{subsection.2.1}% 6
\BOOKMARK [3][-]{subsubsection.2.1.2}{Gewichtete Graphen}{subsection.2.1}% 7
\BOOKMARK [3][-]{subsubsection.2.1.3}{Bau Graph aus OSM Data}{subsection.2.1}% 8
\BOOKMARK [2][-]{subsection.2.2}{Routing}{section.2}% 9
\BOOKMARK [3][-]{subsubsection.2.2.1}{Shortest Path Problem}{subsection.2.2}% 10
\BOOKMARK [3][-]{subsubsection.2.2.2}{Dijkstra Algorithmus}{subsection.2.2}% 11
\BOOKMARK [3][-]{subsubsection.2.2.3}{Speedup Techniken}{subsection.2.2}% 12
\BOOKMARK [2][-]{subsection.2.3}{Isochronen Berechnung}{section.2}% 13
\BOOKMARK [3][-]{subsubsection.2.3.1}{Gitterbasierter Ansatz}{subsection.2.3}% 14
\BOOKMARK [3][-]{subsubsection.2.3.2}{Delaunay}{subsection.2.3}% 15
\BOOKMARK [3][-]{subsubsection.2.3.3}{Formenbasierter Ansatz}{subsection.2.3}% 16
\BOOKMARK [1][-]{section.3}{Generierung des Routing-Profils}{}% 17
\BOOKMARK [2][-]{subsection.3.1}{Informations Erhebung}{section.3}% 18
\BOOKMARK [2][-]{subsection.3.2}{Aufbau graph backend}{section.3}% 19
\BOOKMARK [2][-]{subsection.3.3}{Limitierende Faktoren}{section.3}% 20
\BOOKMARK [2][-]{subsection.3.4}{Erweiternde Faktoren}{section.3}% 21
\BOOKMARK [1][-]{section.4}{Ergebnisse}{}% 22
\BOOKMARK [1][-]{section.5}{Fazit}{}% 23
\BOOKMARK [1][-]{section.6}{Future Work or Ausblick}{}% 24
